"../../../Engine/Content/Animation/DefaultAnimCurveCompressionSettings.uasset" 0
"../../../Engine/Content/Functions/Engine_MaterialFunctions01/Opacity/CameraDepthFade.uasset" 1
"../../../Engine/Content/EngineMaterials/T_Default_Material_Grid_M.uasset" 2
"../../../Engine/Content/EngineMaterials/T_Default_Material_Grid_N.uasset" 3
"../../../Engine/Content/EngineMaterials/WorldGridMaterial.uasset" 4
"../../../Engine/Content/ArtTools/RenderToTexture/Meshes/S_1_Unit_Plane.uasset" 5
"../../../Engine/Content/EngineMaterials/DefaultMaterial.uasset" 6
"../../../Engine/Content/BasicShapes/Cone.uasset" 7
"../../../Engine/Content/BasicShapes/Cube.uasset" 8
"../../../Engine/Content/BasicShapes/Cylinder.uasset" 9
"../../../Engine/Content/BasicShapes/Plane.uasset" 10
"../../../Engine/Content/BasicShapes/Sphere.uasset" 11
"../../../Engine/Content/EditorLandscapeResources/DataLayer.uasset" 12
"../../../Engine/Content/EditorLandscapeResources/DefaultAlphaTexture.uasset" 13
"../../../Engine/Content/EditorMaterials/GizmoMaterial.uasset" 14
"../../../Engine/Content/EditorMaterials/MAT_Groups_Toggle.uasset" 15
"../../../Engine/Content/EditorMaterials/MAT_Groups_Visibility.uasset" 16
"../../../Engine/Content/EditorMaterials/PreviewShadowIndicator.uasset" 17
"../../../Engine/Content/EditorMaterials/PreviewShadowIndicatorMaterial.uasset" 18
"../../../Engine/Content/EditorMaterials/MatineeGroups/MAT_ColorTrack.uasset" 19
"../../../Engine/Content/EditorMaterials/MatineeGroups/MAT_Groups_Anim.uasset" 20
"../../../Engine/Content/EditorMaterials/MatineeGroups/MAT_Groups_AudioMaster.uasset" 21
"../../../Engine/Content/EditorMaterials/MatineeGroups/MAT_Groups_Director.uasset" 22
"../../../Engine/Content/EditorMaterials/MatineeGroups/MAT_Groups_Event.uasset" 23
"../../../Engine/Content/EditorMaterials/MatineeGroups/MAT_Groups_Fade.uasset" 24
"../../../Engine/Content/EditorMaterials/MatineeGroups/MAT_Groups_Float.uasset" 25
"../../../Engine/Content/EditorMaterials/MatineeGroups/MAT_Groups_Move.uasset" 26
"../../../Engine/Content/EditorMaterials/MatineeGroups/MAT_Groups_Slomo.uasset" 27
"../../../Engine/Content/EditorMaterials/MatineeGroups/MAT_Groups_Sound.uasset" 28
"../../../Engine/Content/EditorMaterials/MatineeGroups/MAT_Groups_Vector.uasset" 29
"../../../Engine/Content/EditorMaterials/ParticleSystems/PSysThumbnail_NoImage.uasset" 30
"../../../Engine/Content/EditorMaterials/ParticleSystems/PSysThumbnail_OOD.uasset" 31
"../../../Engine/Content/EditorMaterials/Camera/CineMat.uasset" 32
"../../../Engine/Content/EditorMaterials/Camera/MI_CineMat_Rig.uasset" 33
"../../../Engine/Content/EditorMeshes/Camera/SM_CraneRig_Arm.uasset" 34
"../../../Engine/Content/EditorMeshes/Camera/SM_CraneRig_Base.uasset" 35
"../../../Engine/Content/EditorMeshes/Camera/SM_CraneRig_Body.uasset" 36
"../../../Engine/Content/EditorMeshes/Camera/SM_CraneRig_Mount.uasset" 37
"../../../Engine/Content/EditorMeshes/Camera/SM_RailRig_Mount.uasset" 38
"../../../Engine/Content/EditorMeshes/Camera/SM_RailRig_Track.uasset" 39
"../../../Engine/Content/EditorResources/BSPVertex.uasset" 40
"../../../Engine/Content/EditorResources/EmptyActor.uasset" 41
"../../../Engine/Content/EditorResources/S_Actor.uasset" 42
"../../../Engine/Content/EditorResources/S_Note.uasset" 43
"../../../Engine/Content/EditorResources/S_Solver.uasset" 44
"../../../Engine/Content/EditorResources/S_Terrain.uasset" 45
"../../../Engine/Content/EditorResources/S_Trigger.uasset" 46
"../../../Engine/Content/EditorResources/LightIcons/S_LightError.uasset" 47
"../../../Engine/Content/EditorResources/SequenceRecorder/Countdown.uasset" 48
"../../../Engine/Content/EditorResources/SequenceRecorder/RecordingIndicator.uasset" 49
"../../../Engine/Content/EditorSounds/Notifications/CompileFailed.uasset" 50
"../../../Engine/Content/EditorSounds/Notifications/CompileFailed_Cue.uasset" 51
"../../../Engine/Content/EditorSounds/Notifications/CompileSuccess.uasset" 52
"../../../Engine/Content/EditorSounds/Notifications/CompileStart_Cue.uasset" 53
"../../../Engine/Content/EditorSounds/Notifications/CompileSuccess_Cue.uasset" 54
"../../../Engine/Content/EngineDamageTypes/DmgTypeBP_Environmental.uasset" 55
"../../../Engine/Content/EngineDebugMaterials/HeatmapGradient.uasset" 56
"../../../Engine/Content/EngineDebugMaterials/BoneWeightMaterial.uasset" 57
"../../../Engine/Content/EngineDebugMaterials/ClothMaterial.uasset" 58
"../../../Engine/Content/EngineDebugMaterials/ClothMaterial_WF.uasset" 59
"../../../Engine/Content/EngineDebugMaterials/DebugEditorMaterial.uasset" 60
"../../../Engine/Content/EngineDebugMaterials/DebugMeshMaterial.uasset" 61
"../../../Engine/Content/EngineDebugMaterials/GeomMaterial.uasset" 62
"../../../Engine/Content/EngineDebugMaterials/M_SimpleTranslucent.uasset" 63
"../../../Engine/Content/Functions/Engine_MaterialFunctions02/Utility/CameraDirectionVector.uasset" 64
"../../../Engine/Content/EngineDebugMaterials/VolumeToRender.uasset" 65
"../../../Engine/Content/EngineDebugMaterials/M_VolumeRenderSphereTracePP.uasset" 66
"../../../Engine/Content/EngineDebugMaterials/WireframeMaterial.uasset" 67
"../../../Engine/Content/EngineFonts/Faces/RobotoBold.uasset" 68
"../../../Engine/Content/EngineFonts/Faces/RobotoBoldItalic.uasset" 69
"../../../Engine/Content/EngineFonts/Faces/RobotoItalic.uasset" 70
"../../../Engine/Content/EngineFonts/Faces/RobotoLight.uasset" 71
"../../../Engine/Content/EngineFonts/Faces/RobotoRegular.uasset" 72
"../../../Engine/Content/EngineFonts/Roboto.uasset" 73
"../../../Engine/Content/EngineMaterials/BaseFlattenDiffuseMap.uasset" 74
"../../../Engine/Content/EngineMaterials/BaseFlattenEmissiveMap.uasset" 75
"../../../Engine/Content/EngineMaterials/BaseFlattenGrayscaleMap.uasset" 76
"../../../Engine/Content/EngineMaterials/BaseFlattenNormalMap.uasset" 77
"../../../Engine/Content/EngineMaterials/BaseFlattenMaterial.uasset" 78
"../../../Engine/Content/EngineMaterials/BlueNoise.uasset" 79
"../../../Engine/Content/EngineMaterials/DefaultBloomKernel.uasset" 80
"../../../Engine/Content/EngineMaterials/DefaultBokeh.uasset" 81
"../../../Engine/Content/EngineMaterials/DefaultDiffuse.uasset" 82
"../../../Engine/Content/EngineMaterials/DefaultDeferredDecalMaterial.uasset" 83
"../../../Engine/Content/EngineMaterials/DefaultLightFunctionMaterial.uasset" 84
"../../../Engine/Content/EngineMaterials/DefaultPhysicalMaterial.uasset" 85
"../../../Engine/Content/Functions/Engine_MaterialFunctions02/Utility/BreakOutFloat2Components.uasset" 86
"../../../Engine/Content/EngineMaterials/DefaultPostProcessMaterial.uasset" 87
"../../../Engine/Content/EngineFonts/RobotoDistanceField.uasset" 88
"../../../Engine/Content/EngineMaterials/DefaultTextMaterialOpaque.uasset" 89
"../../../Engine/Content/EngineMaterials/DefaultVirtualTextureMaterial.uasset" 90
"../../../Engine/Content/EngineMaterials/DefaultWhiteGrid.uasset" 91
"../../../Engine/Content/EngineMaterials/EditorBrushMaterial.uasset" 92
"../../../Engine/Content/EngineMaterials/DefaultWhiteGrid_Low.uasset" 93
"../../../Engine/Content/EngineMaterials/EmissiveMeshMaterial.uasset" 94
"../../../Engine/Content/EngineMaterials/Good64x64TilingNoiseHighFreq.uasset" 95
"../../../Engine/Content/EngineMaterials/MiniFont.uasset" 96
"../../../Engine/Content/EngineMaterials/InvalidLightmapSettings.uasset" 97
"../../../Engine/Content/EngineMaterials/M_InvalidLightmapSettings.uasset" 98
"../../../Engine/Content/Functions/Engine_MaterialFunctions02/WorldPositionOffset/CameraOffset.uasset" 99
"../../../Engine/Content/EngineMaterials/PhAT_JointLimitMaterial.uasset" 100
"../../../Engine/Content/EngineMaterials/PreintegratedSkinBRDF.uasset" 101
"../../../Engine/Content/EngineMaterials/RemoveSurfaceMaterial.uasset" 102
"../../../Engine/Content/EngineMaterials/WeightMapPlaceholderTexture.uasset" 103
"../../../Engine/Content/EngineResources/WhiteSquareTexture.uasset" 104
"../../../Engine/Content/EngineMaterials/Widget3DPassThrough.uasset" 105
"../../../Engine/Content/EngineMaterials/Widget3DPassThrough_Masked.uasset" 106
"../../../Engine/Content/EngineMaterials/Widget3DPassThrough_Opaque.uasset" 107
"../../../Engine/Content/EngineMaterials/Widget3DPassThrough_Masked_OneSided.uasset" 108
"../../../Engine/Content/EngineMaterials/Widget3DPassThrough_Opaque_OneSided.uasset" 109
"../../../Engine/Content/EngineMaterials/Widget3DPassThrough_Translucent.uasset" 110
"../../../Engine/Content/EngineMaterials/Widget3DPassThrough_Translucent_OneSided.uasset" 111
"../../../Engine/Content/EngineMeshes/Cylinder.uasset" 112
"../../../Engine/Content/EngineMeshes/Sphere.uasset" 113
"../../../Engine/Content/EngineResources/DefaultTexture.uasset" 114
"../../../Engine/Content/EngineResources/DefaultTextureCube.uasset" 115
"../../../Engine/Content/EngineResources/DefaultVolumeTexture2D.uasset" 116
"../../../Engine/Content/EngineResources/DefaultVolumeTexture.uasset" 117
"../../../Engine/Content/EngineResources/GradientTexture0.uasset" 118
"../../../Engine/Content/EngineSounds/Master.uasset" 119
"../../../Engine/Content/Functions/Engine_MaterialFunctions01/Shading/ConvertFromDiffSpec.uasset" 120
"../../../Engine/Content/Functions/Engine_MaterialFunctions01/Shading/PowerToRoughness.uasset" 121
"../../../Engine/Content/Maps/Templates/Thumbnails/Default.uasset" 122
"../../../Engine/Content/Maps/Templates/Thumbnails/VR-Basic.uasset" 123
"../../../Engine/Content/MobileResources/T_MobileControls_texture.uasset" 124
"../../../Engine/Content/MobileResources/T_MobileMenu2.uasset" 125
"../../../Engine/Content/MobileResources/HUD/AnalogHat.uasset" 126
"../../../Engine/Content/MobileResources/HUD/VirtualJoystick_Background.uasset" 127
"../../../Engine/Content/MobileResources/HUD/VirtualJoystick_Thumb.uasset" 128
"../../../Engine/Content/MobileResources/HUD/DefaultVirtualJoysticks.uasset" 129
"../../../Engine/Content/MobileResources/HUD/LeftVirtualJoystickOnly.uasset" 130
"../../../Engine/Content/MobileResources/HUD/MobileHUDButton1_off.uasset" 131
"../../../Engine/Content/MobileResources/HUD/MobileHUDButton1_on.uasset" 132
"../../../Engine/Content/MobileResources/HUD/MobileHUDButton2_off.uasset" 133
"../../../Engine/Content/MobileResources/HUD/MobileHUDButton2_on.uasset" 134
"../../../Engine/Content/MobileResources/HUD/MobileHUDButton3.uasset" 135
"../../../Engine/Content/MobileResources/HUD/MobileHUDButtonFire.uasset" 136
"../../../Engine/Content/MobileResources/HUD/MobileHUDDirectionPad.uasset" 137
"../../../Engine/Content/MobileResources/HUD/MobileHUDDirectionPad2.uasset" 138
"../../../Engine/Content/MobileResources/HUD/MobileHUDDirectionPad3.uasset" 139
"../../../Engine/Content/MobileResources/HUD/MobileHUDDirectionStick.uasset" 140
"../../../Engine/Content/MobileResources/HUD/T_Castle_ThumbstickInner.uasset" 141
"../../../Engine/Content/MobileResources/HUD/T_Castle_ThumbstickOutter.uasset" 142
"../../../Engine/Content/Tutorial/ContentIntroCurve.uasset" 143
"../../../Engine/Content/Tutorial/Basics/LevelEditorAttract.uasset" 144
"../../../Engine/Content/Tutorial/Basics/TutorialAssets/icon_tab_Levels_40x.uasset" 145
"../../../Engine/Content/Tutorial/Basics/LevelEditorOverview.uasset" 146
"../../../Engine/Content/Tutorial/BlueprintTutorials/TutorialAssets/Blueprint_64x.uasset" 147
"../../../Engine/Content/Tutorial/BlueprintTutorials/BlueprintEditorTutorial.uasset" 148
"../../../Engine/Content/Tutorial/Landscape/TutorialAssets/Landscape.uasset" 149
"../../../Engine/Content/Tutorial/Landscape/LandscapeWalkThrough.uasset" 150
"../../../Engine/Content/Tutorial/Landscape/Landscape_Manage_Mode.uasset" 151
"../../../Engine/Content/EditorBlueprintResources/StandardMacros.uasset" 152
"../../../Engine/Content/Tutorial/Landscape/Landscape_Painting_Mode.uasset" 153
"../../../Engine/Content/Tutorial/Landscape/Landscape_Sculpt_Mode.uasset" 154
"../../../Engine/Content/Tutorial/SubEditors/ParticleSystemEditorTutorial.uasset" 155
"../../../Engine/Content/Tutorial/SubEditors/TutorialAssets/T_SmokeSubUV_8X8.uasset" 156
"../../../Engine/Content/Tutorial/SubEditors/TutorialAssets/T_soft_smoke.uasset" 157
"../../../Engine/Content/Tutorial/SubEditors/TutorialAssets/M_smoke_subUV_blackbody.uasset" 158
"../../../Engine/Content/Tutorial/SubEditors/TutorialAssets/TutorialParticleSystem.uasset" 159
"../../../Engine/Content/VREditor/LaserPointer/VR_LaserPower_01.uasset" 160
"../../../Engine/Content/VREditor/TransformGizmo/TransformGizmoMaterial.uasset" 161
"../../../Engine/Content/VREditor/TransformGizmo/TranslucentTransformGizmoMaterial.uasset" 162
"../../../Engine/Content/VREditor/TransformGizmo/BoundingBoxCorner.uasset" 163
"../../../Engine/Content/VREditor/TransformGizmo/BoundingBoxEdge.uasset" 164
"../../../Engine/Content/VREditor/TransformGizmo/PlaneTranslationHandle.uasset" 165
"../../../Engine/Content/VREditor/TransformGizmo/Main.uasset" 166
"../../../Engine/Content/VREditor/TransformGizmo/Xray.uasset" 167
"../../../Engine/Content/VREditor/TransformGizmo/SM_Sequencer_Key.uasset" 168
"../../../Engine/Content/VREditor/TransformGizmo/SM_Sequencer_Node.uasset" 169
"../../Plugins/2D/Paper2D/Content/PlaceholderTextures/DummySpriteTexture.uasset" 170
"../../Plugins/2D/Paper2D/Content/DummySprite.uasset" 171
"../../Plugins/2D/Paper2D/Content/DefaultPaperTerrainMaterial.uasset" 172
"../../Plugins/2D/Paper2D/Content/DummySpriteTexture.uasset" 173
"../../Plugins/2D/Paper2D/Content/DefaultSpriteMaterial.uasset" 174
"../../Plugins/2D/Paper2D/Content/MaskedUnlitSpriteMaterial.uasset" 175
"../../Plugins/2D/Paper2D/Content/OpaqueUnlitSpriteMaterial.uasset" 176
"../../../Engine/Content/Functions/Engine_MaterialFunctions02/Texturing/CustomRotator.uasset" 177
"../../Plugins/Enterprise/DatasmithContent/Content/Materials/C4DMasterUV.uasset" 178
"../../Plugins/Enterprise/DatasmithContent/Content/Materials/TileMirrorAxis.uasset" 179
"../../Plugins/Enterprise/DatasmithContent/Content/Materials/UVEdit.uasset" 180
"../../../Engine/Content/Functions/Engine_MaterialFunctions01/Texturing/FlattenNormal.uasset" 181
"../../../Engine/Content/Functions/Engine_MaterialFunctions02/HueShift.uasset" 182
"../../../Engine/Content/ArtTools/RenderToTexture/Textures/127grey.uasset" 183
"../../../Engine/Content/EditorLandscapeResources/WhiteSquareTexture.uasset" 184
"../../../Engine/Content/EngineMaterials/T_Default_Normal.uasset" 185
"../../../Engine/Content/EngineResources/Black.uasset" 186
"../../Plugins/Enterprise/DatasmithContent/Content/Materials/C4DMaster.uasset" 187
"../../../Engine/Content/EngineMaterials/FlatNormal.uasset" 188
"../../Plugins/Enterprise/DatasmithContent/Content/Materials/CE_BaseMaster.uasset" 189
"../../Plugins/Enterprise/DatasmithContent/Content/Materials/CE_OpacityMaster.uasset" 190
"../../Plugins/Enterprise/DatasmithContent/Content/Materials/CE_OpacitySimpleMaster.uasset" 191
"../../Plugins/Enterprise/DatasmithContent/Content/Materials/CE_OpaqueMaster.uasset" 192
"../../../Engine/Content/Functions/Engine_MaterialFunctions03/Procedurals/NormalFromHeightmap.uasset" 193
"../../Plugins/Enterprise/DatasmithContent/Content/Materials/RevitMaster.uasset" 194
"../../Plugins/Enterprise/DatasmithContent/Content/Materials/SketchUpMaster.uasset" 195
"../../Plugins/Enterprise/DatasmithContent/Content/Materials/FBXImporter/DeltaGenUVEdit.uasset" 196
"../../Plugins/Enterprise/DatasmithContent/Content/Materials/FBXImporter/DeltaGenBase.uasset" 197
"../../Plugins/Enterprise/DatasmithContent/Content/Materials/FBXImporter/DeltaGenMaster.uasset" 198
"../../Plugins/Enterprise/DatasmithContent/Content/Materials/FBXImporter/DeltaGenMasterTransparent.uasset" 199
"../../Plugins/Enterprise/DatasmithContent/Content/Materials/FBXImporter/VRED/VREDRepeatMode.uasset" 200
"../../../Engine/Content/Functions/Engine_MaterialFunctions02/WorldPositionOffset/LocalPosition.uasset" 201
"../../Plugins/Enterprise/DatasmithContent/Content/Materials/FBXImporter/VRED/PlanarMapping.uasset" 202
"../../../Engine/Content/Functions/Engine_MaterialFunctions02/Utility/MakeFloat3.uasset" 203
"../../Plugins/Enterprise/DatasmithContent/Content/Materials/FBXImporter/VRED/ProcessNormal.uasset" 204
"../../../Engine/Content/Functions/Engine_MaterialFunctions02/Utility/MakeFloat2.uasset" 205
"../../../Engine/Content/Functions/Engine_MaterialFunctions02/Utility/VectorLength.uasset" 206
"../../../Engine/Content/Functions/Engine_MaterialFunctions02/WorldPositionOffset/ObjectScale.uasset" 207
"../../Plugins/Enterprise/DatasmithContent/Content/Materials/FBXImporter/VRED/TriplanarMapping.uasset" 208
"../../Plugins/Enterprise/DatasmithContent/Content/Materials/FBXImporter/VRED/UVMapping.uasset" 209
"../../Plugins/Enterprise/DatasmithContent/Content/Materials/FBXImporter/VRED/VREDTextureRead.uasset" 210
"../../../Engine/Content/Functions/Engine_MaterialFunctions01/Texturing/BakedDisplacement.uasset" 211
"../../../Engine/Content/Functions/Engine_MaterialFunctions02/Fresnel_Function.uasset" 212
"../../../Engine/Content/Functions/MaterialLayerFunctions/MatLayerBlend_Simple.uasset" 213
"../../Plugins/Enterprise/DatasmithContent/Content/Materials/FBXImporter/VRED/BrushedMetal.uasset" 214
"../../Plugins/Enterprise/DatasmithContent/Content/Materials/FBXImporter/VRED/Chrome.uasset" 215
"../../../Engine/Content/Functions/Engine_MaterialFunctions01/Texturing/ComputeMipLevel.uasset" 216
"../../../Engine/Content/Functions/Engine_MaterialFunctions01/Texturing/TextureCropping.uasset" 217
"../../../Engine/Content/Functions/Engine_MaterialFunctions02/Utility/BreakOutFloat3Components.uasset" 218
"../../../Engine/Content/Functions/Engine_MaterialFunctions02/ExampleContent/DebugNumberStrip.uasset" 219
"../../../Engine/Content/Functions/Engine_MaterialFunctions02/ExampleContent/Textures/DebugNumberPeriod.uasset" 220
"../../../Engine/Content/Functions/Engine_MaterialFunctions02/Utility/DebugScalarValues.uasset" 221
"../../../Engine/Content/Functions/Engine_MaterialFunctions02/Utility/DebugFloat3Values.uasset" 222
"../../../Engine/Content/Functions/Engine_MaterialFunctions02/Math/RGBtoHSV.uasset" 223
"../../Plugins/Enterprise/DatasmithContent/Content/Materials/FBXImporter/VRED/Glass.uasset" 224
"../../Plugins/Enterprise/DatasmithContent/Content/Materials/FBXImporter/VRED/Phong.uasset" 225
"../../Plugins/Enterprise/DatasmithContent/Content/Materials/FBXImporter/VRED/Plastic.uasset" 226
"../../../Engine/Content/Functions/MaterialLayerFunctions/MatLayerBlend_Standard.uasset" 227
"../../../Engine/Content/EditorShapes/Textures/T_ShapeNormal.uasset" 228
"../../Plugins/Enterprise/DatasmithContent/Content/Materials/FBXImporter/VRED/UnicolorCarpaint.uasset" 229
"../../Plugins/Runtime/Oculus/OculusVR/Content/OculusMR_RenderTarget.uasset" 230
"../../../Engine/Content/Functions/Engine_MaterialFunctions02/Utility/BreakOutFloat4Components.uasset" 231
"../../Plugins/Runtime/Oculus/OculusVR/Content/Materials/OculusMR_ChromaKey.uasset" 232
"../../Plugins/Runtime/Oculus/OculusVR/Content/Materials/OculusMR_ChromaKey_Lit.uasset" 233
"../../Plugins/Runtime/Oculus/OculusVR/Content/Materials/OculusMR_OpaqueColoredMaterial.uasset" 234
"../../Plugins/Runtime/Oculus/OculusVR/Content/Materials/OculusMR_WhiteMaterial.uasset" 235
"E:/UnrealProjects/MyProject/Content/HostBP.uasset" 236
"E:/UnrealProjects/MyProject/Content/HostMap.umap" 237
"E:/UnrealProjects/MyProject/Content/FirstPerson/Character/Mesh/SK_Mannequin_Arms_Skeleton.uasset" 238
"E:/UnrealProjects/MyProject/Content/FirstPerson/Animations/FirstPerson_Idle.uasset" 239
"E:/UnrealProjects/MyProject/Content/FirstPerson/Animations/FirstPerson_JumpEnd.uasset" 240
"E:/UnrealProjects/MyProject/Content/FirstPerson/Animations/FirstPerson_JumpLoop.uasset" 241
"E:/UnrealProjects/MyProject/Content/FirstPerson/Animations/FirstPerson_JumpStart.uasset" 242
"E:/UnrealProjects/MyProject/Content/FirstPerson/Animations/FirstPerson_Run.uasset" 243
"E:/UnrealProjects/MyProject/Content/FirstPerson/Animations/FirstPerson_AnimBP.uasset" 244
"E:/UnrealProjects/MyProject/Content/FirstPerson/Animations/FirstPerson_Fire.uasset" 245
"E:/UnrealProjects/MyProject/Content/FirstPerson/Animations/FirstPersonFire_Montage.uasset" 246
"E:/UnrealProjects/MyProject/Content/FirstPerson/Meshes/BaseMaterial.uasset" 247
"E:/UnrealProjects/MyProject/Content/FirstPerson/Meshes/FirstPersonProjectileMaterial.uasset" 248
"E:/UnrealProjects/MyProject/Content/FirstPerson/Meshes/FirstPersonProjectileMesh.uasset" 249
"E:/UnrealProjects/MyProject/Content/FirstPersonBP/Blueprints/FirstPersonProjectile.uasset" 250
"E:/UnrealProjects/MyProject/Content/FirstPerson/Audio/FirstPersonTemplateWeaponFire02.uasset" 251
"../../../Engine/Content/Functions/Engine_MaterialFunctions02/Utility/BlendAngleCorrectedNormals.uasset" 252
"../../../Engine/Content/Functions/MaterialLayerFunctions/MatLayerBlend_NormalBlend.uasset" 253
"E:/UnrealProjects/MyProject/Content/FirstPerson/Character/Materials/MaterialLayers/T_ML_Rubber_Blue_01_D.uasset" 254
"E:/UnrealProjects/MyProject/Content/FirstPerson/Character/Materials/MaterialLayers/T_ML_Rubber_Blue_01_N.uasset" 255
"E:/UnrealProjects/MyProject/Content/FirstPerson/Character/Materials/MaterialLayers/ML_GlossyBlack_Latex_UE4.uasset" 256
"E:/UnrealProjects/MyProject/Content/FirstPerson/Character/Materials/MaterialLayers/ML_Plastic_Shiny_Beige.uasset" 257
"E:/UnrealProjects/MyProject/Content/FirstPerson/Character/Textures/UE4_LOGO_CARD.uasset" 258
"E:/UnrealProjects/MyProject/Content/FirstPerson/Character/Materials/MaterialLayers/ML_Plastic_Shiny_Beige_LOGO.uasset" 259
"E:/UnrealProjects/MyProject/Content/FirstPerson/Character/Materials/MaterialLayers/T_ML_Aluminum01.uasset" 260
"E:/UnrealProjects/MyProject/Content/FirstPerson/Character/Materials/MaterialLayers/T_ML_Aluminum01_N.uasset" 261
"E:/UnrealProjects/MyProject/Content/FirstPerson/Character/Materials/MaterialLayers/ML_SoftMetal_UE4.uasset" 262
"E:/UnrealProjects/MyProject/Content/FirstPerson/Character/Textures/UE4_Mannequin__normals.uasset" 263
"E:/UnrealProjects/MyProject/Content/FirstPerson/Character/Textures/UE4_Mannequin_MAT_MASKA.uasset" 264
"E:/UnrealProjects/MyProject/Content/FirstPerson/Character/Materials/M_UE4Man_Body.uasset" 265
"E:/UnrealProjects/MyProject/Content/FirstPerson/Character/Mesh/SK_Mannequin_Arms_PhysicsAsset.uasset" 266
"E:/UnrealProjects/MyProject/Content/FirstPerson/Character/Mesh/SK_Mannequin_Arms.uasset" 267
"E:/UnrealProjects/MyProject/Content/FirstPerson/FPWeapon/Materials/MaterialLayers/T_ML_Rubber_Blue_01_D.uasset" 268
"E:/UnrealProjects/MyProject/Content/FirstPerson/FPWeapon/Materials/MaterialLayers/T_ML_Rubber_Blue_01_N.uasset" 269
"E:/UnrealProjects/MyProject/Content/FirstPerson/FPWeapon/Materials/MaterialLayers/ML_GlossyBlack_Latex_UE4.uasset" 270
"E:/UnrealProjects/MyProject/Content/FirstPerson/FPWeapon/Materials/MaterialLayers/ML_Plastic_Shiny_Beige.uasset" 271
"E:/UnrealProjects/MyProject/Content/FirstPerson/FPWeapon/Materials/MaterialLayers/ML_Screen.uasset" 272
"E:/UnrealProjects/MyProject/Content/FirstPerson/FPWeapon/Materials/MaterialLayers/T_ML_Aluminum01.uasset" 273
"E:/UnrealProjects/MyProject/Content/FirstPerson/FPWeapon/Materials/MaterialLayers/T_ML_Aluminum01_N.uasset" 274
"E:/UnrealProjects/MyProject/Content/FirstPerson/FPWeapon/Materials/MaterialLayers/ML_SoftMetal_UE4.uasset" 275
"E:/UnrealProjects/MyProject/Content/FirstPerson/FPWeapon/Textures/T_FPGun_M.uasset" 276
"E:/UnrealProjects/MyProject/Content/FirstPerson/FPWeapon/Textures/T_FPGun_N.uasset" 277
"E:/UnrealProjects/MyProject/Content/FirstPerson/FPWeapon/Materials/M_FPGun.uasset" 278
"E:/UnrealProjects/MyProject/Content/FirstPerson/FPWeapon/Mesh/SK_FPGun_Skeleton.uasset" 279
"E:/UnrealProjects/MyProject/Content/FirstPerson/FPWeapon/Mesh/SK_FPGun.uasset" 280
"E:/UnrealProjects/MyProject/Content/FirstPersonBP/Blueprints/FirstPersonCharacter.uasset" 281
"../../../Engine/Content/EngineSky/C_Sky_Cloud_Color.uasset" 282
"../../../Engine/Content/EngineSky/C_Sky_Horizon_Color.uasset" 283
"../../../Engine/Content/EngineSky/C_Sky_Zenith_Color.uasset" 284
"../../../Engine/Content/EngineSky/T_Sky_Blue.uasset" 285
"../../../Engine/Content/EngineSky/T_Sky_Clouds_M.uasset" 286
"../../../Engine/Content/EngineSky/T_Sky_Stars.uasset" 287
"../../../Engine/Content/EngineSky/M_Sky_Panning_Clouds2.uasset" 288
"../../../Engine/Content/EngineSky/SM_SkySphere.uasset" 289
"../../../Engine/Content/EngineSky/BP_Sky_Sphere.uasset" 290
"E:/UnrealProjects/MyProject/Content/FirstPerson/Textures/FirstPersonCrosshair.uasset" 291
"E:/UnrealProjects/MyProject/Content/FirstPersonBP/Blueprints/FirstPersonHUD.uasset" 292
"E:/UnrealProjects/MyProject/Content/FirstPersonBP/Blueprints/FirstPersonGameMode.uasset" 293
"E:/UnrealProjects/MyProject/Content/FirstPersonBP/Maps/FirstPersonExampleMap_BuiltData.uasset" 294
"../../../Engine/Content/Functions/Engine_MaterialFunctions03/Procedurals/ComputeFilterWidth.uasset" 295
"../../../Engine/Content/EngineMaterials/AntiAliasedTextMaterialTranslucent.uasset" 296
"E:/UnrealProjects/MyProject/Content/FirstPerson/Meshes/CubeMaterialOverride.uasset" 297
"E:/UnrealProjects/MyProject/Content/Geometry/Meshes/CubeMaterial.uasset" 298
"E:/UnrealProjects/MyProject/Content/Geometry/Meshes/1M_Cube.uasset" 299
"E:/UnrealProjects/MyProject/Content/FirstPersonBP/Maps/FirstPersonExampleMap.umap" 300
